<?xml version="1.0" encoding="UTF-8"?>
<!-- Generated by org.testng.reporters.JUnitReportReporter -->
<testsuite hostname="DESKTOP-QUC37FL" failures="0" tests="1" name="module.Sample" time="3.528" errors="0" timestamp="2022-06-24T18:02:41 IST" skipped="0">
  <testcase classname="module.Sample" name="fun" time="3.528"/>
  <system-out/>
</testsuite> <!-- module.Sample -->
